[05-May-2024 02:20:08 Europe/Berlin] PHP Fatal error:  Uncaught Error: Call to undefined function conectarBBDD() in /var/www/html/index.php:5
Stack trace:
#0 {main}
  thrown in /var/www/html/index.php on line 5
[05-May-2024 02:31:43 Europe/Berlin] PHP Notice:  session_start(): Ignoring session_start() because a session is already active in /var/www/html/php/funciones.php on line 50
[05-May-2024 02:31:50 Europe/Berlin] PHP Notice:  session_start(): Ignoring session_start() because a session is already active in /var/www/html/php/funciones.php on line 50
[05-May-2024 02:31:53 Europe/Berlin] PHP Notice:  session_start(): Ignoring session_start() because a session is already active in /var/www/html/php/funciones.php on line 96
[05-May-2024 02:32:25 Europe/Berlin] PHP Notice:  session_start(): Ignoring session_start() because a session is already active in /var/www/html/php/funciones.php on line 50
[05-May-2024 02:32:39 Europe/Berlin] PHP Notice:  session_start(): Ignoring session_start() because a session is already active in /var/www/html/php/funciones.php on line 50
[05-May-2024 02:35:29 Europe/Berlin] PHP Notice:  session_start(): Ignoring session_start() because a session is already active in /var/www/html/php/funciones.php on line 50
[05-May-2024 02:35:35 Europe/Berlin] PHP Notice:  session_start(): Ignoring session_start() because a session is already active in /var/www/html/php/funciones.php on line 50
[05-May-2024 02:41:25 Europe/Berlin] PHP Warning:  Undefined array key "correoElectronicoUsuario" in /var/www/html/php/funciones.php on line 245
[05-May-2024 02:41:25 Europe/Berlin] PHP Warning:  Trying to access array offset on value of type null in /var/www/html/php/funciones.php on line 252
[05-May-2024 02:41:25 Europe/Berlin] PHP Warning:  Undefined array key "correoElectronicoUsuario" in /var/www/html/php/funciones.php on line 265
[05-May-2024 02:41:25 Europe/Berlin] PHP Warning:  Trying to access array offset on value of type null in /var/www/html/php/funciones.php on line 272
[05-May-2024 02:42:14 Europe/Berlin] PHP Warning:  Undefined array key "correoElectronicoUsuario" in /var/www/html/php/funciones.php on line 245
[05-May-2024 02:42:14 Europe/Berlin] PHP Warning:  Trying to access array offset on value of type null in /var/www/html/php/funciones.php on line 252
[05-May-2024 02:42:14 Europe/Berlin] PHP Warning:  Undefined array key "correoElectronicoUsuario" in /var/www/html/php/funciones.php on line 265
[05-May-2024 02:42:14 Europe/Berlin] PHP Warning:  Trying to access array offset on value of type null in /var/www/html/php/funciones.php on line 272
[05-May-2024 02:42:17 Europe/Berlin] PHP Warning:  Undefined array key "correoElectronicoUsuario" in /var/www/html/php/funciones.php on line 245
[05-May-2024 02:42:17 Europe/Berlin] PHP Warning:  Trying to access array offset on value of type null in /var/www/html/php/funciones.php on line 252
[05-May-2024 02:42:17 Europe/Berlin] PHP Warning:  Undefined array key "correoElectronicoUsuario" in /var/www/html/php/funciones.php on line 265
[05-May-2024 02:42:17 Europe/Berlin] PHP Warning:  Trying to access array offset on value of type null in /var/www/html/php/funciones.php on line 272
[05-May-2024 02:42:20 Europe/Berlin] PHP Warning:  Undefined array key "nombreUsuario" in /var/www/html/index.php on line 47
[05-May-2024 02:47:37 Europe/Berlin] PHP Warning:  Undefined variable $nombre_usuario in /var/www/html/index.php on line 48
[05-May-2024 12:34:50 Europe/Berlin] PHP Warning:  Undefined array key "correoElectronicoUsuario" in /var/www/html/procesar_subida.php on line 26
[06-May-2024 13:10:42 Europe/Berlin] PHP Fatal error:  Uncaught TypeError: Unsupported operand types: string + string in /var/www/html/index.php:52
Stack trace:
#0 {main}
  thrown in /var/www/html/index.php on line 52
[06-May-2024 13:11:48 Europe/Berlin] PHP Fatal error:  Uncaught TypeError: Unsupported operand types: string + string in /var/www/html/index.php:52
Stack trace:
#0 {main}
  thrown in /var/www/html/index.php on line 52
[06-May-2024 13:11:50 Europe/Berlin] PHP Fatal error:  Uncaught TypeError: Unsupported operand types: string + string in /var/www/html/index.php:52
Stack trace:
#0 {main}
  thrown in /var/www/html/index.php on line 52
[06-May-2024 13:11:50 Europe/Berlin] PHP Fatal error:  Uncaught TypeError: Unsupported operand types: string + string in /var/www/html/index.php:52
Stack trace:
#0 {main}
  thrown in /var/www/html/index.php on line 52
[06-May-2024 13:11:50 Europe/Berlin] PHP Fatal error:  Uncaught TypeError: Unsupported operand types: string + string in /var/www/html/index.php:52
Stack trace:
#0 {main}
  thrown in /var/www/html/index.php on line 52
[06-May-2024 13:11:51 Europe/Berlin] PHP Fatal error:  Uncaught TypeError: Unsupported operand types: string + string in /var/www/html/index.php:52
Stack trace:
#0 {main}
  thrown in /var/www/html/index.php on line 52
[06-May-2024 13:11:51 Europe/Berlin] PHP Fatal error:  Uncaught TypeError: Unsupported operand types: string + string in /var/www/html/index.php:52
Stack trace:
#0 {main}
  thrown in /var/www/html/index.php on line 52
[06-May-2024 13:11:52 Europe/Berlin] PHP Fatal error:  Uncaught TypeError: Unsupported operand types: string + string in /var/www/html/index.php:52
Stack trace:
#0 {main}
  thrown in /var/www/html/index.php on line 52
[06-May-2024 13:11:56 Europe/Berlin] PHP Fatal error:  Uncaught TypeError: Unsupported operand types: string + string in /var/www/html/index.php:52
Stack trace:
#0 {main}
  thrown in /var/www/html/index.php on line 52
[06-May-2024 13:11:56 Europe/Berlin] PHP Fatal error:  Uncaught TypeError: Unsupported operand types: string + string in /var/www/html/index.php:52
Stack trace:
#0 {main}
  thrown in /var/www/html/index.php on line 52
[06-May-2024 13:11:56 Europe/Berlin] PHP Fatal error:  Uncaught TypeError: Unsupported operand types: string + string in /var/www/html/index.php:52
Stack trace:
#0 {main}
  thrown in /var/www/html/index.php on line 52
[06-May-2024 13:11:56 Europe/Berlin] PHP Fatal error:  Uncaught TypeError: Unsupported operand types: string + string in /var/www/html/index.php:52
Stack trace:
#0 {main}
  thrown in /var/www/html/index.php on line 52
[06-May-2024 13:11:56 Europe/Berlin] PHP Fatal error:  Uncaught TypeError: Unsupported operand types: string + string in /var/www/html/index.php:52
Stack trace:
#0 {main}
  thrown in /var/www/html/index.php on line 52
[06-May-2024 13:13:37 Europe/Berlin] PHP Fatal error:  Uncaught TypeError: Unsupported operand types: string + string in /var/www/html/index.php:52
Stack trace:
#0 {main}
  thrown in /var/www/html/index.php on line 52
[06-May-2024 13:13:39 Europe/Berlin] PHP Fatal error:  Uncaught TypeError: Unsupported operand types: string + string in /var/www/html/index.php:52
Stack trace:
#0 {main}
  thrown in /var/www/html/index.php on line 52
[06-May-2024 13:13:39 Europe/Berlin] PHP Fatal error:  Uncaught TypeError: Unsupported operand types: string + string in /var/www/html/index.php:52
Stack trace:
#0 {main}
  thrown in /var/www/html/index.php on line 52
[06-May-2024 13:13:39 Europe/Berlin] PHP Fatal error:  Uncaught TypeError: Unsupported operand types: string + string in /var/www/html/index.php:52
Stack trace:
#0 {main}
  thrown in /var/www/html/index.php on line 52
[07-May-2024 16:50:08 Europe/Berlin] PHP Warning:  Undefined variable $rol in /var/www/html/index.php on line 61
[09-May-2024 11:25:38 Europe/Berlin] PHP Warning:  Undefined variable $nombre_usuario in /var/www/html/perfil.php on line 71
[09-May-2024 11:26:22 Europe/Berlin] PHP Warning:  Undefined variable $nombre_usuario in /var/www/html/perfil.php on line 71
[09-May-2024 11:28:32 Europe/Berlin] PHP Warning:  Undefined variable $nombre_usuario in /var/www/html/perfil.php on line 71
[09-May-2024 11:28:32 Europe/Berlin] PHP Warning:  Undefined array key "correoElectronicoUsuario" in /var/www/html/perfil.php on line 74
[09-May-2024 11:28:32 Europe/Berlin] PHP Warning:  Undefined array key "correoElectronicoUsuario" in /var/www/html/php/funciones.php on line 265
[09-May-2024 11:28:32 Europe/Berlin] PHP Warning:  Trying to access array offset on value of type null in /var/www/html/php/funciones.php on line 272
[09-May-2024 11:28:32 Europe/Berlin] PHP Warning:  Undefined array key "correoElectronicoUsuario" in /var/www/html/php/funciones.php on line 245
[09-May-2024 11:28:32 Europe/Berlin] PHP Warning:  Trying to access array offset on value of type null in /var/www/html/php/funciones.php on line 252
[09-May-2024 11:29:57 Europe/Berlin] PHP Warning:  Undefined variable $nombre_usuario in /var/www/html/perfil.php on line 71
[09-May-2024 11:29:57 Europe/Berlin] PHP Warning:  Undefined array key "correoElectronicoUsuario" in /var/www/html/perfil.php on line 74
[09-May-2024 11:29:57 Europe/Berlin] PHP Warning:  Undefined array key "correoElectronicoUsuario" in /var/www/html/php/funciones.php on line 265
[09-May-2024 11:29:57 Europe/Berlin] PHP Warning:  Trying to access array offset on value of type null in /var/www/html/php/funciones.php on line 272
[09-May-2024 11:29:57 Europe/Berlin] PHP Warning:  Undefined array key "correoElectronicoUsuario" in /var/www/html/php/funciones.php on line 245
[09-May-2024 11:29:57 Europe/Berlin] PHP Warning:  Trying to access array offset on value of type null in /var/www/html/php/funciones.php on line 252
[09-May-2024 11:30:00 Europe/Berlin] PHP Warning:  Undefined variable $nombre_usuario in /var/www/html/perfil.php on line 71
[09-May-2024 11:30:00 Europe/Berlin] PHP Warning:  Undefined array key "correoElectronicoUsuario" in /var/www/html/perfil.php on line 74
[09-May-2024 11:30:00 Europe/Berlin] PHP Warning:  Undefined array key "correoElectronicoUsuario" in /var/www/html/php/funciones.php on line 265
[09-May-2024 11:30:00 Europe/Berlin] PHP Warning:  Trying to access array offset on value of type null in /var/www/html/php/funciones.php on line 272
[09-May-2024 11:30:00 Europe/Berlin] PHP Warning:  Undefined array key "correoElectronicoUsuario" in /var/www/html/php/funciones.php on line 245
[09-May-2024 11:30:00 Europe/Berlin] PHP Warning:  Trying to access array offset on value of type null in /var/www/html/php/funciones.php on line 252
[09-May-2024 11:42:23 Europe/Berlin] PHP Warning:  Undefined array key "correoElectronicoUsuario" in /var/www/html/php/funciones.php on line 338
[09-May-2024 11:42:23 Europe/Berlin] PHP Warning:  Trying to access array offset on value of type null in /var/www/html/php/funciones.php on line 345
[09-May-2024 11:42:23 Europe/Berlin] PHP Fatal error:  Uncaught mysqli_sql_exception: You have an error in your SQL syntax; check the manual that corresponds to your MySQL server version for the right syntax to use near '' at line 1 in /var/www/html/perfil.php:28
Stack trace:
#0 /var/www/html/perfil.php(28): mysqli_query()
#1 /var/www/html/perfil.php(19): obtenerDatosUsuario()
#2 {main}
  thrown in /var/www/html/perfil.php on line 28
[09-May-2024 11:47:29 Europe/Berlin] PHP Fatal error:  Uncaught Error: Call to undefined function obtenerIDUsuario() in /var/www/html/perfil.php:16
Stack trace:
#0 {main}
  thrown in /var/www/html/perfil.php on line 16
[09-May-2024 12:03:04 Europe/Berlin] PHP Warning:  Undefined array key "correoElectronicoUsuario" in /var/www/html/php/funciones.php on line 338
[09-May-2024 12:03:04 Europe/Berlin] PHP Warning:  Trying to access array offset on value of type null in /var/www/html/php/funciones.php on line 345
[09-May-2024 12:03:04 Europe/Berlin] PHP Fatal error:  Uncaught mysqli_sql_exception: You have an error in your SQL syntax; check the manual that corresponds to your MySQL server version for the right syntax to use near '' at line 1 in /var/www/html/perfil.php:29
Stack trace:
#0 /var/www/html/perfil.php(29): mysqli_query()
#1 /var/www/html/perfil.php(19): obtenerDatosUsuario()
#2 {main}
  thrown in /var/www/html/perfil.php on line 29
[09-May-2024 12:03:23 Europe/Berlin] PHP Warning:  Undefined array key "correoElectronicoUsuario" in /var/www/html/php/funciones.php on line 338
[09-May-2024 12:03:23 Europe/Berlin] PHP Warning:  Trying to access array offset on value of type null in /var/www/html/php/funciones.php on line 345
[09-May-2024 12:03:23 Europe/Berlin] PHP Fatal error:  Uncaught mysqli_sql_exception: You have an error in your SQL syntax; check the manual that corresponds to your MySQL server version for the right syntax to use near '' at line 1 in /var/www/html/perfil.php:29
Stack trace:
#0 /var/www/html/perfil.php(29): mysqli_query()
#1 /var/www/html/perfil.php(19): obtenerDatosUsuario()
#2 {main}
  thrown in /var/www/html/perfil.php on line 29
[09-May-2024 14:11:19 Europe/Berlin] PHP Warning:  Undefined array key "correoElectronicoUsuario" in /var/www/html/php/funciones.php on line 338
[09-May-2024 14:11:19 Europe/Berlin] PHP Warning:  Trying to access array offset on value of type null in /var/www/html/php/funciones.php on line 345
[09-May-2024 14:11:19 Europe/Berlin] PHP Fatal error:  Uncaught mysqli_sql_exception: You have an error in your SQL syntax; check the manual that corresponds to your MySQL server version for the right syntax to use near '' at line 1 in /var/www/html/perfil.php:29
Stack trace:
#0 /var/www/html/perfil.php(29): mysqli_query()
#1 /var/www/html/perfil.php(19): obtenerDatosUsuario()
#2 {main}
  thrown in /var/www/html/perfil.php on line 29
[09-May-2024 14:11:24 Europe/Berlin] PHP Warning:  Undefined array key "correoElectronicoUsuario" in /var/www/html/php/funciones.php on line 338
[09-May-2024 14:11:24 Europe/Berlin] PHP Warning:  Trying to access array offset on value of type null in /var/www/html/php/funciones.php on line 345
[09-May-2024 14:11:24 Europe/Berlin] PHP Fatal error:  Uncaught mysqli_sql_exception: You have an error in your SQL syntax; check the manual that corresponds to your MySQL server version for the right syntax to use near '' at line 1 in /var/www/html/perfil.php:29
Stack trace:
#0 /var/www/html/perfil.php(29): mysqli_query()
#1 /var/www/html/perfil.php(19): obtenerDatosUsuario()
#2 {main}
  thrown in /var/www/html/perfil.php on line 29
[10-May-2024 08:45:22 Europe/Berlin] PHP Warning:  Undefined array key "correoElectronicoUsuario" in /var/www/html/php/funciones.php on line 338
[10-May-2024 08:45:22 Europe/Berlin] PHP Warning:  Trying to access array offset on value of type null in /var/www/html/php/funciones.php on line 345
[10-May-2024 08:45:22 Europe/Berlin] PHP Fatal error:  Uncaught mysqli_sql_exception: You have an error in your SQL syntax; check the manual that corresponds to your MySQL server version for the right syntax to use near '' at line 1 in /var/www/html/perfil.php:29
Stack trace:
#0 /var/www/html/perfil.php(29): mysqli_query()
#1 /var/www/html/perfil.php(19): obtenerDatosUsuario()
#2 {main}
  thrown in /var/www/html/perfil.php on line 29
[10-May-2024 08:55:30 Europe/Berlin] PHP Warning:  Undefined array key "nombreUsuario" in /var/www/html/perfil.php on line 24
[10-May-2024 08:55:30 Europe/Berlin] PHP Warning:  Undefined array key "apellidosUsuario" in /var/www/html/perfil.php on line 25
[10-May-2024 08:55:30 Europe/Berlin] PHP Warning:  Undefined array key "fechaNacimientoUsuario" in /var/www/html/perfil.php on line 26
[10-May-2024 08:55:30 Europe/Berlin] PHP Warning:  Undefined array key "correoElectronicoUsuario" in /var/www/html/perfil.php on line 27
[10-May-2024 08:55:30 Europe/Berlin] PHP Warning:  Undefined array key "idRolFK" in /var/www/html/perfil.php on line 28
[10-May-2024 08:55:30 Europe/Berlin] PHP Fatal error:  Uncaught mysqli_sql_exception: Column 'nombreUsuario' cannot be null in /var/www/html/perfil.php:41
Stack trace:
#0 /var/www/html/perfil.php(41): mysqli_stmt->execute()
#1 {main}
  thrown in /var/www/html/perfil.php on line 41
[10-May-2024 08:56:01 Europe/Berlin] PHP Warning:  Undefined array key "nombreUsuario" in /var/www/html/perfil.php on line 24
[10-May-2024 08:56:01 Europe/Berlin] PHP Warning:  Undefined array key "apellidosUsuario" in /var/www/html/perfil.php on line 25
[10-May-2024 08:56:01 Europe/Berlin] PHP Warning:  Undefined array key "fechaNacimientoUsuario" in /var/www/html/perfil.php on line 26
[10-May-2024 08:56:01 Europe/Berlin] PHP Warning:  Undefined array key "correoElectronicoUsuario" in /var/www/html/perfil.php on line 27
[10-May-2024 08:56:01 Europe/Berlin] PHP Warning:  Undefined array key "idRolFK" in /var/www/html/perfil.php on line 28
[10-May-2024 08:56:01 Europe/Berlin] PHP Fatal error:  Uncaught mysqli_sql_exception: Column 'nombreUsuario' cannot be null in /var/www/html/perfil.php:41
Stack trace:
#0 /var/www/html/perfil.php(41): mysqli_stmt->execute()
#1 {main}
  thrown in /var/www/html/perfil.php on line 41
[10-May-2024 09:15:17 Europe/Berlin] PHP Fatal error:  Cannot redeclare obtenerDatosUsuario() (previously declared in /var/www/html/perfil.php:49) in /var/www/html/php/funciones.php on line 353
[10-May-2024 09:29:40 Europe/Berlin] PHP Warning:  Undefined array key "nombreUsuario" in /var/www/html/perfil.php on line 24
[10-May-2024 09:29:40 Europe/Berlin] PHP Warning:  Undefined array key "apellidosUsuario" in /var/www/html/perfil.php on line 25
[10-May-2024 09:29:40 Europe/Berlin] PHP Warning:  Undefined array key "fechaNacimientoUsuario" in /var/www/html/perfil.php on line 26
[10-May-2024 09:29:40 Europe/Berlin] PHP Warning:  Undefined array key "correoElectronicoUsuario" in /var/www/html/perfil.php on line 27
[10-May-2024 09:29:40 Europe/Berlin] PHP Warning:  Undefined array key "idRolFK" in /var/www/html/perfil.php on line 28
[10-May-2024 09:29:40 Europe/Berlin] PHP Fatal error:  Uncaught mysqli_sql_exception: Column 'nombreUsuario' cannot be null in /var/www/html/perfil.php:41
Stack trace:
#0 /var/www/html/perfil.php(41): mysqli_stmt->execute()
#1 {main}
  thrown in /var/www/html/perfil.php on line 41
[10-May-2024 09:29:56 Europe/Berlin] PHP Warning:  Undefined array key "nombreUsuario" in /var/www/html/perfil.php on line 24
[10-May-2024 09:29:56 Europe/Berlin] PHP Warning:  Undefined array key "apellidosUsuario" in /var/www/html/perfil.php on line 25
[10-May-2024 09:29:56 Europe/Berlin] PHP Warning:  Undefined array key "fechaNacimientoUsuario" in /var/www/html/perfil.php on line 26
[10-May-2024 09:29:56 Europe/Berlin] PHP Warning:  Undefined array key "correoElectronicoUsuario" in /var/www/html/perfil.php on line 27
[10-May-2024 09:29:56 Europe/Berlin] PHP Warning:  Undefined array key "idRolFK" in /var/www/html/perfil.php on line 28
[10-May-2024 09:29:56 Europe/Berlin] PHP Fatal error:  Uncaught mysqli_sql_exception: Column 'nombreUsuario' cannot be null in /var/www/html/perfil.php:41
Stack trace:
#0 /var/www/html/perfil.php(41): mysqli_stmt->execute()
#1 {main}
  thrown in /var/www/html/perfil.php on line 41
[10-May-2024 09:32:28 Europe/Berlin] PHP Warning:  Undefined array key "nombreUsuario" in /var/www/html/perfil.php on line 24
[10-May-2024 09:32:28 Europe/Berlin] PHP Warning:  Undefined array key "apellidosUsuario" in /var/www/html/perfil.php on line 25
[10-May-2024 09:32:28 Europe/Berlin] PHP Warning:  Undefined array key "fechaNacimientoUsuario" in /var/www/html/perfil.php on line 26
[10-May-2024 09:32:28 Europe/Berlin] PHP Warning:  Undefined array key "correoElectronicoUsuario" in /var/www/html/perfil.php on line 27
[10-May-2024 09:32:28 Europe/Berlin] PHP Warning:  Undefined array key "idRolFK" in /var/www/html/perfil.php on line 28
[10-May-2024 09:32:28 Europe/Berlin] PHP Fatal error:  Uncaught mysqli_sql_exception: Column 'nombreUsuario' cannot be null in /var/www/html/perfil.php:41
Stack trace:
#0 /var/www/html/perfil.php(41): mysqli_stmt->execute()
#1 {main}
  thrown in /var/www/html/perfil.php on line 41
[10-May-2024 09:32:37 Europe/Berlin] PHP Warning:  Undefined array key "nombreUsuario" in /var/www/html/perfil.php on line 24
[10-May-2024 09:32:37 Europe/Berlin] PHP Warning:  Undefined array key "apellidosUsuario" in /var/www/html/perfil.php on line 25
[10-May-2024 09:32:37 Europe/Berlin] PHP Warning:  Undefined array key "fechaNacimientoUsuario" in /var/www/html/perfil.php on line 26
[10-May-2024 09:32:37 Europe/Berlin] PHP Warning:  Undefined array key "correoElectronicoUsuario" in /var/www/html/perfil.php on line 27
[10-May-2024 09:32:37 Europe/Berlin] PHP Warning:  Undefined array key "idRolFK" in /var/www/html/perfil.php on line 28
[10-May-2024 09:32:37 Europe/Berlin] PHP Fatal error:  Uncaught mysqli_sql_exception: Column 'nombreUsuario' cannot be null in /var/www/html/perfil.php:41
Stack trace:
#0 /var/www/html/perfil.php(41): mysqli_stmt->execute()
#1 {main}
  thrown in /var/www/html/perfil.php on line 41
[10-May-2024 09:32:42 Europe/Berlin] PHP Warning:  Undefined array key "nombreUsuario" in /var/www/html/perfil.php on line 24
[10-May-2024 09:32:42 Europe/Berlin] PHP Warning:  Undefined array key "apellidosUsuario" in /var/www/html/perfil.php on line 25
[10-May-2024 09:32:42 Europe/Berlin] PHP Warning:  Undefined array key "fechaNacimientoUsuario" in /var/www/html/perfil.php on line 26
[10-May-2024 09:32:42 Europe/Berlin] PHP Warning:  Undefined array key "correoElectronicoUsuario" in /var/www/html/perfil.php on line 27
[10-May-2024 09:32:42 Europe/Berlin] PHP Warning:  Undefined array key "idRolFK" in /var/www/html/perfil.php on line 28
[10-May-2024 09:32:42 Europe/Berlin] PHP Fatal error:  Uncaught mysqli_sql_exception: Column 'nombreUsuario' cannot be null in /var/www/html/perfil.php:41
Stack trace:
#0 /var/www/html/perfil.php(41): mysqli_stmt->execute()
#1 {main}
  thrown in /var/www/html/perfil.php on line 41
[10-May-2024 11:04:38 Europe/Berlin] PHP Warning:  Undefined array key "correoElectronicoUsuario" in /var/www/html/php/funciones.php on line 338
[10-May-2024 11:04:38 Europe/Berlin] PHP Warning:  Trying to access array offset on value of type null in /var/www/html/php/funciones.php on line 345
[10-May-2024 11:04:38 Europe/Berlin] PHP Warning:  Undefined array key "correoElectronicoUsuario" in /var/www/html/php/funciones.php on line 356
[10-May-2024 11:04:38 Europe/Berlin] PHP Warning:  Trying to access array offset on value of type null in /var/www/html/perfil.php on line 103
[10-May-2024 11:04:38 Europe/Berlin] PHP Warning:  Trying to access array offset on value of type null in /var/www/html/perfil.php on line 105
[10-May-2024 11:04:38 Europe/Berlin] PHP Warning:  Trying to access array offset on value of type null in /var/www/html/perfil.php on line 112
[10-May-2024 11:04:38 Europe/Berlin] PHP Warning:  Trying to access array offset on value of type null in /var/www/html/perfil.php on line 116
[10-May-2024 11:04:38 Europe/Berlin] PHP Warning:  Trying to access array offset on value of type null in /var/www/html/perfil.php on line 120
[10-May-2024 11:04:38 Europe/Berlin] PHP Warning:  Trying to access array offset on value of type null in /var/www/html/perfil.php on line 124
[10-May-2024 11:04:38 Europe/Berlin] PHP Warning:  Trying to access array offset on value of type null in /var/www/html/perfil.php on line 133
[10-May-2024 11:04:38 Europe/Berlin] PHP Warning:  Trying to access array offset on value of type null in /var/www/html/perfil.php on line 140
[10-May-2024 11:05:10 Europe/Berlin] PHP Warning:  Undefined array key "nombreUsuario" in /var/www/html/perfil.php on line 24
[10-May-2024 11:05:10 Europe/Berlin] PHP Warning:  Undefined array key "apellidosUsuario" in /var/www/html/perfil.php on line 25
[10-May-2024 11:05:10 Europe/Berlin] PHP Warning:  Undefined array key "fechaNacimientoUsuario" in /var/www/html/perfil.php on line 26
[10-May-2024 11:05:10 Europe/Berlin] PHP Warning:  Undefined array key "correoElectronicoUsuario" in /var/www/html/perfil.php on line 27
[10-May-2024 11:05:10 Europe/Berlin] PHP Warning:  Undefined array key "idRolFK" in /var/www/html/perfil.php on line 28
[10-May-2024 11:05:10 Europe/Berlin] PHP Fatal error:  Uncaught mysqli_sql_exception: Column 'nombreUsuario' cannot be null in /var/www/html/perfil.php:41
Stack trace:
#0 /var/www/html/perfil.php(41): mysqli_stmt->execute()
#1 {main}
  thrown in /var/www/html/perfil.php on line 41
[10-May-2024 11:53:08 Europe/Berlin] PHP Warning:  Undefined array key "correoElectronicoUsuario" in /var/www/html/php/funciones.php on line 338
[10-May-2024 11:53:08 Europe/Berlin] PHP Warning:  Trying to access array offset on value of type null in /var/www/html/php/funciones.php on line 345
[10-May-2024 11:53:08 Europe/Berlin] PHP Warning:  Undefined array key "correoElectronicoUsuario" in /var/www/html/php/funciones.php on line 356
[10-May-2024 11:53:08 Europe/Berlin] PHP Warning:  Trying to access array offset on value of type null in /var/www/html/perfil.php on line 103
[10-May-2024 11:53:08 Europe/Berlin] PHP Warning:  Trying to access array offset on value of type null in /var/www/html/perfil.php on line 105
[10-May-2024 11:53:08 Europe/Berlin] PHP Warning:  Trying to access array offset on value of type null in /var/www/html/perfil.php on line 112
[10-May-2024 11:53:08 Europe/Berlin] PHP Warning:  Trying to access array offset on value of type null in /var/www/html/perfil.php on line 116
[10-May-2024 11:53:08 Europe/Berlin] PHP Warning:  Trying to access array offset on value of type null in /var/www/html/perfil.php on line 120
[10-May-2024 11:53:08 Europe/Berlin] PHP Warning:  Trying to access array offset on value of type null in /var/www/html/perfil.php on line 124
[10-May-2024 11:53:08 Europe/Berlin] PHP Warning:  Trying to access array offset on value of type null in /var/www/html/perfil.php on line 133
[10-May-2024 11:53:08 Europe/Berlin] PHP Warning:  Trying to access array offset on value of type null in /var/www/html/perfil.php on line 140
[10-May-2024 11:53:34 Europe/Berlin] PHP Warning:  Undefined array key "fechaNacimientoUsuario" in /var/www/html/perfil.php on line 26
[10-May-2024 11:53:34 Europe/Berlin] PHP Warning:  Undefined array key "idRolFK" in /var/www/html/perfil.php on line 28
[10-May-2024 11:53:34 Europe/Berlin] PHP Fatal error:  Uncaught mysqli_sql_exception: Column 'fechaNacimientoUsuario' cannot be null in /var/www/html/perfil.php:41
Stack trace:
#0 /var/www/html/perfil.php(41): mysqli_stmt->execute()
#1 {main}
  thrown in /var/www/html/perfil.php on line 41
[10-May-2024 11:57:49 Europe/Berlin] PHP Warning:  Undefined array key "fechaNacimientoUsuario" in /var/www/html/perfil.php on line 26
[10-May-2024 11:57:49 Europe/Berlin] PHP Warning:  Undefined array key "idRolFK" in /var/www/html/perfil.php on line 28
[10-May-2024 11:57:49 Europe/Berlin] PHP Fatal error:  Uncaught mysqli_sql_exception: Column 'fechaNacimientoUsuario' cannot be null in /var/www/html/perfil.php:41
Stack trace:
#0 /var/www/html/perfil.php(41): mysqli_stmt->execute()
#1 {main}
  thrown in /var/www/html/perfil.php on line 41
[10-May-2024 11:58:23 Europe/Berlin] PHP Warning:  Undefined array key "idRolFK" in /var/www/html/perfil.php on line 28
[10-May-2024 11:58:23 Europe/Berlin] PHP Fatal error:  Uncaught mysqli_sql_exception: Column 'idRolFK' cannot be null in /var/www/html/perfil.php:41
Stack trace:
#0 /var/www/html/perfil.php(41): mysqli_stmt->execute()
#1 {main}
  thrown in /var/www/html/perfil.php on line 41
[10-May-2024 11:59:07 Europe/Berlin] PHP Fatal error:  Uncaught mysqli_sql_exception: You have an error in your SQL syntax; check the manual that corresponds to your MySQL server version for the right syntax to use near 'WHERE idUsuario =?' at line 5 in /var/www/html/perfil.php:36
Stack trace:
#0 /var/www/html/perfil.php(36): mysqli->prepare()
#1 {main}
  thrown in /var/www/html/perfil.php on line 36
[10-May-2024 11:59:18 Europe/Berlin] PHP Warning:  Undefined array key "idRolFK" in /var/www/html/perfil.php on line 28
[10-May-2024 11:59:18 Europe/Berlin] PHP Fatal error:  Uncaught mysqli_sql_exception: You have an error in your SQL syntax; check the manual that corresponds to your MySQL server version for the right syntax to use near 'WHERE idUsuario =?' at line 5 in /var/www/html/perfil.php:37
Stack trace:
#0 /var/www/html/perfil.php(37): mysqli->prepare()
#1 {main}
  thrown in /var/www/html/perfil.php on line 37
[10-May-2024 12:00:23 Europe/Berlin] PHP Fatal error:  Uncaught mysqli_sql_exception: You have an error in your SQL syntax; check the manual that corresponds to your MySQL server version for the right syntax to use near 'WHERE idUsuario =?' at line 5 in /var/www/html/perfil.php:37
Stack trace:
#0 /var/www/html/perfil.php(37): mysqli->prepare()
#1 {main}
  thrown in /var/www/html/perfil.php on line 37
[10-May-2024 12:12:21 Europe/Berlin] PHP Fatal error:  Uncaught ArgumentCountError: The number of variables must match the number of parameters in the prepared statement in /var/www/html/perfil.php:38
Stack trace:
#0 /var/www/html/perfil.php(38): mysqli_stmt->bind_param()
#1 {main}
  thrown in /var/www/html/perfil.php on line 38
[10-May-2024 14:26:30 Europe/Berlin] PHP Warning:  Undefined array key "correoElectronicoUsuario" in /var/www/html/php/funciones.php on line 338
[10-May-2024 14:26:30 Europe/Berlin] PHP Warning:  Trying to access array offset on value of type null in /var/www/html/php/funciones.php on line 345
[10-May-2024 14:26:30 Europe/Berlin] PHP Warning:  Undefined array key "correoElectronicoUsuario" in /var/www/html/php/funciones.php on line 356
[10-May-2024 14:26:30 Europe/Berlin] PHP Warning:  Trying to access array offset on value of type null in /var/www/html/perfil.php on line 106
[10-May-2024 14:26:30 Europe/Berlin] PHP Warning:  Trying to access array offset on value of type null in /var/www/html/perfil.php on line 108
[10-May-2024 14:26:30 Europe/Berlin] PHP Warning:  Trying to access array offset on value of type null in /var/www/html/perfil.php on line 115
[10-May-2024 14:26:30 Europe/Berlin] PHP Warning:  Trying to access array offset on value of type null in /var/www/html/perfil.php on line 119
[10-May-2024 14:26:30 Europe/Berlin] PHP Warning:  Trying to access array offset on value of type null in /var/www/html/perfil.php on line 123
[10-May-2024 14:26:30 Europe/Berlin] PHP Warning:  Trying to access array offset on value of type null in /var/www/html/perfil.php on line 127
[10-May-2024 14:26:30 Europe/Berlin] PHP Warning:  Trying to access array offset on value of type null in /var/www/html/perfil.php on line 136
[10-May-2024 14:26:30 Europe/Berlin] PHP Warning:  Trying to access array offset on value of type null in /var/www/html/perfil.php on line 143
[11-May-2024 12:51:28 Europe/Berlin] PHP Warning:  Undefined array key "correoElectronicoUsuario" in /var/www/html/php/funciones.php on line 338
[11-May-2024 12:51:28 Europe/Berlin] PHP Warning:  Trying to access array offset on value of type null in /var/www/html/php/funciones.php on line 345
[11-May-2024 12:51:28 Europe/Berlin] PHP Warning:  Undefined array key "correoElectronicoUsuario" in /var/www/html/php/funciones.php on line 356
[11-May-2024 12:51:28 Europe/Berlin] PHP Warning:  Trying to access array offset on value of type null in /var/www/html/perfil.php on line 101
[11-May-2024 12:51:28 Europe/Berlin] PHP Warning:  Trying to access array offset on value of type null in /var/www/html/perfil.php on line 103
[11-May-2024 12:51:28 Europe/Berlin] PHP Warning:  Trying to access array offset on value of type null in /var/www/html/perfil.php on line 110
[11-May-2024 12:51:28 Europe/Berlin] PHP Warning:  Trying to access array offset on value of type null in /var/www/html/perfil.php on line 114
[11-May-2024 12:51:28 Europe/Berlin] PHP Warning:  Trying to access array offset on value of type null in /var/www/html/perfil.php on line 118
[11-May-2024 12:51:28 Europe/Berlin] PHP Warning:  Trying to access array offset on value of type null in /var/www/html/perfil.php on line 122
[11-May-2024 12:51:28 Europe/Berlin] PHP Warning:  Trying to access array offset on value of type null in /var/www/html/perfil.php on line 131
[11-May-2024 12:51:28 Europe/Berlin] PHP Warning:  Undefined array key "correoElectronicoUsuario" in /var/www/html/php/funciones.php on line 338
[11-May-2024 12:51:28 Europe/Berlin] PHP Warning:  Trying to access array offset on value of type null in /var/www/html/php/funciones.php on line 345
[11-May-2024 12:51:28 Europe/Berlin] PHP Warning:  Undefined array key "correoElectronicoUsuario" in /var/www/html/php/funciones.php on line 356
[11-May-2024 12:51:28 Europe/Berlin] PHP Warning:  Trying to access array offset on value of type null in /var/www/html/perfil.php on line 101
[11-May-2024 12:51:28 Europe/Berlin] PHP Warning:  Trying to access array offset on value of type null in /var/www/html/perfil.php on line 103
[11-May-2024 12:51:28 Europe/Berlin] PHP Warning:  Trying to access array offset on value of type null in /var/www/html/perfil.php on line 110
[11-May-2024 12:51:28 Europe/Berlin] PHP Warning:  Trying to access array offset on value of type null in /var/www/html/perfil.php on line 114
[11-May-2024 12:51:28 Europe/Berlin] PHP Warning:  Trying to access array offset on value of type null in /var/www/html/perfil.php on line 118
[11-May-2024 12:51:28 Europe/Berlin] PHP Warning:  Trying to access array offset on value of type null in /var/www/html/perfil.php on line 122
[11-May-2024 12:51:28 Europe/Berlin] PHP Warning:  Trying to access array offset on value of type null in /var/www/html/perfil.php on line 131
[11-May-2024 12:53:32 Europe/Berlin] PHP Warning:  Undefined array key "idUsuario" in /var/www/html/perfil.php on line 23
[11-May-2024 12:56:45 Europe/Berlin] PHP Warning:  Undefined array key "idUsuario" in /var/www/html/perfil.php on line 23
[11-May-2024 12:58:20 Europe/Berlin] PHP Warning:  Undefined array key "idUsuario" in /var/www/html/perfil.php on line 23
[11-May-2024 21:48:00 Europe/Berlin] PHP Warning:  Undefined array key "correoElectronicoUsuario" in /var/www/html/php/funciones.php on line 338
[11-May-2024 21:48:00 Europe/Berlin] PHP Warning:  Trying to access array offset on value of type null in /var/www/html/php/funciones.php on line 345
[11-May-2024 21:48:00 Europe/Berlin] PHP Warning:  Undefined array key "correoElectronicoUsuario" in /var/www/html/php/funciones.php on line 356
[11-May-2024 21:48:00 Europe/Berlin] PHP Warning:  Trying to access array offset on value of type null in /var/www/html/perfil.php on line 103
[11-May-2024 21:48:00 Europe/Berlin] PHP Warning:  Trying to access array offset on value of type null in /var/www/html/perfil.php on line 106
[11-May-2024 21:48:00 Europe/Berlin] PHP Warning:  Trying to access array offset on value of type null in /var/www/html/perfil.php on line 113
[11-May-2024 21:48:00 Europe/Berlin] PHP Warning:  Trying to access array offset on value of type null in /var/www/html/perfil.php on line 117
[11-May-2024 21:48:00 Europe/Berlin] PHP Warning:  Trying to access array offset on value of type null in /var/www/html/perfil.php on line 121
[11-May-2024 21:48:00 Europe/Berlin] PHP Warning:  Trying to access array offset on value of type null in /var/www/html/perfil.php on line 125
[11-May-2024 21:48:00 Europe/Berlin] PHP Warning:  Trying to access array offset on value of type null in /var/www/html/perfil.php on line 134
[11-May-2024 21:48:00 Europe/Berlin] PHP Warning:  Undefined array key "correoElectronicoUsuario" in /var/www/html/php/funciones.php on line 338
[11-May-2024 21:48:00 Europe/Berlin] PHP Warning:  Trying to access array offset on value of type null in /var/www/html/php/funciones.php on line 345
[11-May-2024 21:48:00 Europe/Berlin] PHP Warning:  Undefined array key "correoElectronicoUsuario" in /var/www/html/php/funciones.php on line 356
[11-May-2024 21:48:00 Europe/Berlin] PHP Warning:  Trying to access array offset on value of type null in /var/www/html/perfil.php on line 103
[11-May-2024 21:48:00 Europe/Berlin] PHP Warning:  Trying to access array offset on value of type null in /var/www/html/perfil.php on line 106
[11-May-2024 21:48:00 Europe/Berlin] PHP Warning:  Trying to access array offset on value of type null in /var/www/html/perfil.php on line 113
[11-May-2024 21:48:00 Europe/Berlin] PHP Warning:  Trying to access array offset on value of type null in /var/www/html/perfil.php on line 117
[11-May-2024 21:48:00 Europe/Berlin] PHP Warning:  Trying to access array offset on value of type null in /var/www/html/perfil.php on line 121
[11-May-2024 21:48:00 Europe/Berlin] PHP Warning:  Trying to access array offset on value of type null in /var/www/html/perfil.php on line 125
[11-May-2024 21:48:00 Europe/Berlin] PHP Warning:  Trying to access array offset on value of type null in /var/www/html/perfil.php on line 134
[11-May-2024 21:52:20 Europe/Berlin] PHP Warning:  Undefined array key "correoElectronicoUsuario" in /var/www/html/php/funciones.php on line 338
[11-May-2024 21:52:20 Europe/Berlin] PHP Warning:  Trying to access array offset on value of type null in /var/www/html/php/funciones.php on line 345
[11-May-2024 21:52:20 Europe/Berlin] PHP Warning:  Undefined array key "correoElectronicoUsuario" in /var/www/html/php/funciones.php on line 356
[11-May-2024 21:52:20 Europe/Berlin] PHP Warning:  Trying to access array offset on value of type null in /var/www/html/perfil.php on line 112
[11-May-2024 21:52:20 Europe/Berlin] PHP Warning:  Trying to access array offset on value of type null in /var/www/html/perfil.php on line 115
[11-May-2024 21:52:20 Europe/Berlin] PHP Warning:  Trying to access array offset on value of type null in /var/www/html/perfil.php on line 122
[11-May-2024 21:52:20 Europe/Berlin] PHP Warning:  Trying to access array offset on value of type null in /var/www/html/perfil.php on line 126
[11-May-2024 21:52:20 Europe/Berlin] PHP Warning:  Trying to access array offset on value of type null in /var/www/html/perfil.php on line 130
[11-May-2024 21:52:20 Europe/Berlin] PHP Warning:  Trying to access array offset on value of type null in /var/www/html/perfil.php on line 134
[11-May-2024 21:52:20 Europe/Berlin] PHP Warning:  Trying to access array offset on value of type null in /var/www/html/perfil.php on line 143
[11-May-2024 21:52:20 Europe/Berlin] PHP Warning:  Undefined array key "correoElectronicoUsuario" in /var/www/html/php/funciones.php on line 338
[11-May-2024 21:52:20 Europe/Berlin] PHP Warning:  Trying to access array offset on value of type null in /var/www/html/php/funciones.php on line 345
[11-May-2024 21:52:20 Europe/Berlin] PHP Warning:  Undefined array key "correoElectronicoUsuario" in /var/www/html/php/funciones.php on line 356
[11-May-2024 21:52:20 Europe/Berlin] PHP Warning:  Trying to access array offset on value of type null in /var/www/html/perfil.php on line 112
[11-May-2024 21:52:20 Europe/Berlin] PHP Warning:  Trying to access array offset on value of type null in /var/www/html/perfil.php on line 115
[11-May-2024 21:52:20 Europe/Berlin] PHP Warning:  Trying to access array offset on value of type null in /var/www/html/perfil.php on line 122
[11-May-2024 21:52:20 Europe/Berlin] PHP Warning:  Trying to access array offset on value of type null in /var/www/html/perfil.php on line 126
[11-May-2024 21:52:20 Europe/Berlin] PHP Warning:  Trying to access array offset on value of type null in /var/www/html/perfil.php on line 130
[11-May-2024 21:52:20 Europe/Berlin] PHP Warning:  Trying to access array offset on value of type null in /var/www/html/perfil.php on line 134
[11-May-2024 21:52:20 Europe/Berlin] PHP Warning:  Trying to access array offset on value of type null in /var/www/html/perfil.php on line 143
[11-May-2024 21:52:21 Europe/Berlin] PHP Warning:  Undefined array key "correoElectronicoUsuario" in /var/www/html/php/funciones.php on line 338
[11-May-2024 21:52:21 Europe/Berlin] PHP Warning:  Trying to access array offset on value of type null in /var/www/html/php/funciones.php on line 345
[11-May-2024 21:52:21 Europe/Berlin] PHP Warning:  Undefined array key "correoElectronicoUsuario" in /var/www/html/php/funciones.php on line 356
[11-May-2024 21:52:21 Europe/Berlin] PHP Warning:  Trying to access array offset on value of type null in /var/www/html/perfil.php on line 112
[11-May-2024 21:52:21 Europe/Berlin] PHP Warning:  Trying to access array offset on value of type null in /var/www/html/perfil.php on line 115
[11-May-2024 21:52:21 Europe/Berlin] PHP Warning:  Trying to access array offset on value of type null in /var/www/html/perfil.php on line 122
[11-May-2024 21:52:21 Europe/Berlin] PHP Warning:  Trying to access array offset on value of type null in /var/www/html/perfil.php on line 126
[11-May-2024 21:52:21 Europe/Berlin] PHP Warning:  Trying to access array offset on value of type null in /var/www/html/perfil.php on line 130
[11-May-2024 21:52:21 Europe/Berlin] PHP Warning:  Trying to access array offset on value of type null in /var/www/html/perfil.php on line 134
[11-May-2024 21:52:21 Europe/Berlin] PHP Warning:  Trying to access array offset on value of type null in /var/www/html/perfil.php on line 143
[11-May-2024 21:52:22 Europe/Berlin] PHP Warning:  Undefined array key "correoElectronicoUsuario" in /var/www/html/php/funciones.php on line 338
[11-May-2024 21:52:22 Europe/Berlin] PHP Warning:  Trying to access array offset on value of type null in /var/www/html/php/funciones.php on line 345
[11-May-2024 21:52:22 Europe/Berlin] PHP Warning:  Undefined array key "correoElectronicoUsuario" in /var/www/html/php/funciones.php on line 356
[11-May-2024 21:52:22 Europe/Berlin] PHP Warning:  Trying to access array offset on value of type null in /var/www/html/perfil.php on line 112
[11-May-2024 21:52:22 Europe/Berlin] PHP Warning:  Trying to access array offset on value of type null in /var/www/html/perfil.php on line 115
[11-May-2024 21:52:22 Europe/Berlin] PHP Warning:  Trying to access array offset on value of type null in /var/www/html/perfil.php on line 122
[11-May-2024 21:52:22 Europe/Berlin] PHP Warning:  Trying to access array offset on value of type null in /var/www/html/perfil.php on line 126
[11-May-2024 21:52:22 Europe/Berlin] PHP Warning:  Trying to access array offset on value of type null in /var/www/html/perfil.php on line 130
[11-May-2024 21:52:22 Europe/Berlin] PHP Warning:  Trying to access array offset on value of type null in /var/www/html/perfil.php on line 134
[11-May-2024 21:52:22 Europe/Berlin] PHP Warning:  Trying to access array offset on value of type null in /var/www/html/perfil.php on line 143
[11-May-2024 21:52:35 Europe/Berlin] PHP Warning:  Undefined array key "correoElectronicoUsuario" in /var/www/html/php/funciones.php on line 338
[11-May-2024 21:52:35 Europe/Berlin] PHP Warning:  Trying to access array offset on value of type null in /var/www/html/php/funciones.php on line 345
[11-May-2024 21:52:35 Europe/Berlin] PHP Warning:  Undefined array key "correoElectronicoUsuario" in /var/www/html/php/funciones.php on line 356
[11-May-2024 21:52:35 Europe/Berlin] PHP Warning:  Trying to access array offset on value of type null in /var/www/html/perfil.php on line 103
[11-May-2024 21:52:35 Europe/Berlin] PHP Warning:  Trying to access array offset on value of type null in /var/www/html/perfil.php on line 106
[11-May-2024 21:52:35 Europe/Berlin] PHP Warning:  Trying to access array offset on value of type null in /var/www/html/perfil.php on line 113
[11-May-2024 21:52:35 Europe/Berlin] PHP Warning:  Trying to access array offset on value of type null in /var/www/html/perfil.php on line 117
[11-May-2024 21:52:35 Europe/Berlin] PHP Warning:  Trying to access array offset on value of type null in /var/www/html/perfil.php on line 121
[11-May-2024 21:52:35 Europe/Berlin] PHP Warning:  Trying to access array offset on value of type null in /var/www/html/perfil.php on line 125
[11-May-2024 21:52:35 Europe/Berlin] PHP Warning:  Trying to access array offset on value of type null in /var/www/html/perfil.php on line 134
[11-May-2024 21:52:35 Europe/Berlin] PHP Warning:  Undefined array key "correoElectronicoUsuario" in /var/www/html/php/funciones.php on line 338
[11-May-2024 21:52:35 Europe/Berlin] PHP Warning:  Trying to access array offset on value of type null in /var/www/html/php/funciones.php on line 345
[11-May-2024 21:52:35 Europe/Berlin] PHP Warning:  Undefined array key "correoElectronicoUsuario" in /var/www/html/php/funciones.php on line 356
[11-May-2024 21:52:35 Europe/Berlin] PHP Warning:  Trying to access array offset on value of type null in /var/www/html/perfil.php on line 103
[11-May-2024 21:52:35 Europe/Berlin] PHP Warning:  Trying to access array offset on value of type null in /var/www/html/perfil.php on line 106
[11-May-2024 21:52:35 Europe/Berlin] PHP Warning:  Trying to access array offset on value of type null in /var/www/html/perfil.php on line 113
[11-May-2024 21:52:35 Europe/Berlin] PHP Warning:  Trying to access array offset on value of type null in /var/www/html/perfil.php on line 117
[11-May-2024 21:52:35 Europe/Berlin] PHP Warning:  Trying to access array offset on value of type null in /var/www/html/perfil.php on line 121
[11-May-2024 21:52:35 Europe/Berlin] PHP Warning:  Trying to access array offset on value of type null in /var/www/html/perfil.php on line 125
[11-May-2024 21:52:35 Europe/Berlin] PHP Warning:  Trying to access array offset on value of type null in /var/www/html/perfil.php on line 134
[12-May-2024 11:11:30 Europe/Berlin] PHP Warning:  Undefined array key "correoElectronicoUsuario" in /var/www/html/php/funciones.php on line 338
[12-May-2024 11:11:30 Europe/Berlin] PHP Warning:  Trying to access array offset on value of type null in /var/www/html/php/funciones.php on line 345
[12-May-2024 11:11:30 Europe/Berlin] PHP Warning:  Undefined array key "correoElectronicoUsuario" in /var/www/html/php/funciones.php on line 356
[12-May-2024 11:11:30 Europe/Berlin] PHP Warning:  Trying to access array offset on value of type null in /var/www/html/perfil.php on line 103
[12-May-2024 11:11:30 Europe/Berlin] PHP Warning:  Trying to access array offset on value of type null in /var/www/html/perfil.php on line 106
[12-May-2024 11:11:30 Europe/Berlin] PHP Warning:  Trying to access array offset on value of type null in /var/www/html/perfil.php on line 113
[12-May-2024 11:11:30 Europe/Berlin] PHP Warning:  Trying to access array offset on value of type null in /var/www/html/perfil.php on line 117
[12-May-2024 11:11:30 Europe/Berlin] PHP Warning:  Trying to access array offset on value of type null in /var/www/html/perfil.php on line 121
[12-May-2024 11:11:30 Europe/Berlin] PHP Warning:  Trying to access array offset on value of type null in /var/www/html/perfil.php on line 125
[12-May-2024 11:11:30 Europe/Berlin] PHP Warning:  Trying to access array offset on value of type null in /var/www/html/perfil.php on line 134
[12-May-2024 11:11:30 Europe/Berlin] PHP Warning:  Trying to access array offset on value of type null in /var/www/html/perfil.php on line 203
[12-May-2024 11:11:30 Europe/Berlin] PHP Warning:  Undefined array key "correoElectronicoUsuario" in /var/www/html/php/funciones.php on line 338
[12-May-2024 11:11:30 Europe/Berlin] PHP Warning:  Trying to access array offset on value of type null in /var/www/html/php/funciones.php on line 345
[12-May-2024 11:11:30 Europe/Berlin] PHP Warning:  Undefined array key "correoElectronicoUsuario" in /var/www/html/php/funciones.php on line 356
[12-May-2024 11:11:30 Europe/Berlin] PHP Warning:  Trying to access array offset on value of type null in /var/www/html/perfil.php on line 103
[12-May-2024 11:11:30 Europe/Berlin] PHP Warning:  Trying to access array offset on value of type null in /var/www/html/perfil.php on line 106
[12-May-2024 11:11:30 Europe/Berlin] PHP Warning:  Trying to access array offset on value of type null in /var/www/html/perfil.php on line 113
[12-May-2024 11:11:30 Europe/Berlin] PHP Warning:  Trying to access array offset on value of type null in /var/www/html/perfil.php on line 117
[12-May-2024 11:11:30 Europe/Berlin] PHP Warning:  Trying to access array offset on value of type null in /var/www/html/perfil.php on line 121
[12-May-2024 11:11:30 Europe/Berlin] PHP Warning:  Trying to access array offset on value of type null in /var/www/html/perfil.php on line 125
[12-May-2024 11:11:31 Europe/Berlin] PHP Warning:  Trying to access array offset on value of type null in /var/www/html/perfil.php on line 134
[12-May-2024 11:11:31 Europe/Berlin] PHP Warning:  Trying to access array offset on value of type null in /var/www/html/perfil.php on line 203
[12-May-2024 14:13:16 Europe/Berlin] PHP Warning:  Undefined array key "correoElectronicoUsuario" in /var/www/html/php/funciones.php on line 338
[12-May-2024 14:13:16 Europe/Berlin] PHP Warning:  Trying to access array offset on value of type null in /var/www/html/php/funciones.php on line 345
[12-May-2024 14:13:16 Europe/Berlin] PHP Warning:  Undefined array key "correoElectronicoUsuario" in /var/www/html/php/funciones.php on line 356
[12-May-2024 14:13:16 Europe/Berlin] PHP Warning:  Trying to access array offset on value of type null in /var/www/html/perfil.php on line 103
[12-May-2024 14:13:16 Europe/Berlin] PHP Warning:  Trying to access array offset on value of type null in /var/www/html/perfil.php on line 106
[12-May-2024 14:13:16 Europe/Berlin] PHP Warning:  Trying to access array offset on value of type null in /var/www/html/perfil.php on line 113
[12-May-2024 14:13:16 Europe/Berlin] PHP Warning:  Trying to access array offset on value of type null in /var/www/html/perfil.php on line 117
[12-May-2024 14:13:16 Europe/Berlin] PHP Warning:  Trying to access array offset on value of type null in /var/www/html/perfil.php on line 121
[12-May-2024 14:13:16 Europe/Berlin] PHP Warning:  Trying to access array offset on value of type null in /var/www/html/perfil.php on line 125
[12-May-2024 14:13:16 Europe/Berlin] PHP Warning:  Trying to access array offset on value of type null in /var/www/html/perfil.php on line 134
[12-May-2024 14:13:16 Europe/Berlin] PHP Warning:  Undefined array key "correoElectronicoUsuario" in /var/www/html/php/funciones.php on line 338
[12-May-2024 14:13:16 Europe/Berlin] PHP Warning:  Trying to access array offset on value of type null in /var/www/html/php/funciones.php on line 345
[12-May-2024 14:13:16 Europe/Berlin] PHP Warning:  Undefined array key "correoElectronicoUsuario" in /var/www/html/php/funciones.php on line 356
[12-May-2024 14:13:16 Europe/Berlin] PHP Warning:  Trying to access array offset on value of type null in /var/www/html/perfil.php on line 103
[12-May-2024 14:13:16 Europe/Berlin] PHP Warning:  Trying to access array offset on value of type null in /var/www/html/perfil.php on line 106
[12-May-2024 14:13:16 Europe/Berlin] PHP Warning:  Trying to access array offset on value of type null in /var/www/html/perfil.php on line 113
[12-May-2024 14:13:16 Europe/Berlin] PHP Warning:  Trying to access array offset on value of type null in /var/www/html/perfil.php on line 117
[12-May-2024 14:13:16 Europe/Berlin] PHP Warning:  Trying to access array offset on value of type null in /var/www/html/perfil.php on line 121
[12-May-2024 14:13:16 Europe/Berlin] PHP Warning:  Trying to access array offset on value of type null in /var/www/html/perfil.php on line 125
[12-May-2024 14:13:16 Europe/Berlin] PHP Warning:  Trying to access array offset on value of type null in /var/www/html/perfil.php on line 134
[13-May-2024 08:42:52 Europe/Berlin] PHP Warning:  Undefined array key "correoElectronicoUsuario" in /var/www/html/php/funciones.php on line 358
[13-May-2024 08:42:52 Europe/Berlin] PHP Warning:  Trying to access array offset on value of type null in /var/www/html/php/funciones.php on line 365
[13-May-2024 08:42:52 Europe/Berlin] PHP Warning:  Undefined array key "correoElectronicoUsuario" in /var/www/html/php/funciones.php on line 376
[13-May-2024 08:42:52 Europe/Berlin] PHP Warning:  Trying to access array offset on value of type null in /var/www/html/perfil.php on line 103
[13-May-2024 08:42:52 Europe/Berlin] PHP Warning:  Trying to access array offset on value of type null in /var/www/html/perfil.php on line 106
[13-May-2024 08:42:52 Europe/Berlin] PHP Warning:  Trying to access array offset on value of type null in /var/www/html/perfil.php on line 113
[13-May-2024 08:42:52 Europe/Berlin] PHP Warning:  Trying to access array offset on value of type null in /var/www/html/perfil.php on line 117
[13-May-2024 08:42:52 Europe/Berlin] PHP Warning:  Trying to access array offset on value of type null in /var/www/html/perfil.php on line 121
[13-May-2024 08:42:52 Europe/Berlin] PHP Warning:  Trying to access array offset on value of type null in /var/www/html/perfil.php on line 125
[13-May-2024 08:42:52 Europe/Berlin] PHP Warning:  Trying to access array offset on value of type null in /var/www/html/perfil.php on line 134
[13-May-2024 09:16:16 Europe/Berlin] PHP Warning:  Undefined array key "correoElectronicoUsuario" in /var/www/html/php/funciones.php on line 358
[13-May-2024 09:16:16 Europe/Berlin] PHP Warning:  Trying to access array offset on value of type null in /var/www/html/php/funciones.php on line 365
[13-May-2024 09:16:16 Europe/Berlin] PHP Warning:  Undefined array key "correoElectronicoUsuario" in /var/www/html/php/funciones.php on line 376
[13-May-2024 09:16:16 Europe/Berlin] PHP Warning:  Trying to access array offset on value of type null in /var/www/html/perfil.php on line 103
[13-May-2024 09:16:16 Europe/Berlin] PHP Warning:  Trying to access array offset on value of type null in /var/www/html/perfil.php on line 106
[13-May-2024 09:16:16 Europe/Berlin] PHP Warning:  Trying to access array offset on value of type null in /var/www/html/perfil.php on line 113
[13-May-2024 09:16:16 Europe/Berlin] PHP Warning:  Trying to access array offset on value of type null in /var/www/html/perfil.php on line 117
[13-May-2024 09:16:16 Europe/Berlin] PHP Warning:  Trying to access array offset on value of type null in /var/www/html/perfil.php on line 121
[13-May-2024 09:16:16 Europe/Berlin] PHP Warning:  Trying to access array offset on value of type null in /var/www/html/perfil.php on line 125
[13-May-2024 09:16:16 Europe/Berlin] PHP Warning:  Trying to access array offset on value of type null in /var/www/html/perfil.php on line 134
[13-May-2024 13:20:36 Europe/Berlin] PHP Warning:  Undefined array key "correoElectronicoUsuario" in /var/www/html/php/funciones.php on line 358
[13-May-2024 13:20:36 Europe/Berlin] PHP Warning:  Trying to access array offset on value of type null in /var/www/html/php/funciones.php on line 365
[13-May-2024 13:20:36 Europe/Berlin] PHP Warning:  Undefined array key "correoElectronicoUsuario" in /var/www/html/php/funciones.php on line 376
[13-May-2024 13:20:36 Europe/Berlin] PHP Warning:  Trying to access array offset on value of type null in /var/www/html/perfil.php on line 104
[13-May-2024 13:20:36 Europe/Berlin] PHP Warning:  Trying to access array offset on value of type null in /var/www/html/perfil.php on line 107
[13-May-2024 13:20:36 Europe/Berlin] PHP Warning:  Trying to access array offset on value of type null in /var/www/html/perfil.php on line 114
[13-May-2024 13:20:36 Europe/Berlin] PHP Warning:  Trying to access array offset on value of type null in /var/www/html/perfil.php on line 118
[13-May-2024 13:20:36 Europe/Berlin] PHP Warning:  Trying to access array offset on value of type null in /var/www/html/perfil.php on line 122
[13-May-2024 13:20:36 Europe/Berlin] PHP Warning:  Trying to access array offset on value of type null in /var/www/html/perfil.php on line 126
[13-May-2024 13:20:36 Europe/Berlin] PHP Warning:  Trying to access array offset on value of type null in /var/www/html/perfil.php on line 135
[13-May-2024 13:20:36 Europe/Berlin] PHP Warning:  Undefined array key "correoElectronicoUsuario" in /var/www/html/php/funciones.php on line 399
[14-May-2024 14:04:00 Europe/Berlin] PHP Warning:  Undefined array key "correoElectronicoUsuario" in /var/www/html/php/funciones.php on line 358
[14-May-2024 14:04:00 Europe/Berlin] PHP Warning:  Trying to access array offset on value of type null in /var/www/html/php/funciones.php on line 365
[14-May-2024 14:04:00 Europe/Berlin] PHP Warning:  Undefined array key "correoElectronicoUsuario" in /var/www/html/php/funciones.php on line 376
[14-May-2024 14:04:00 Europe/Berlin] PHP Warning:  Trying to access array offset on value of type null in /var/www/html/perfil.php on line 105
[14-May-2024 14:04:00 Europe/Berlin] PHP Warning:  Trying to access array offset on value of type null in /var/www/html/perfil.php on line 108
[14-May-2024 14:04:00 Europe/Berlin] PHP Warning:  Trying to access array offset on value of type null in /var/www/html/perfil.php on line 115
[14-May-2024 14:04:00 Europe/Berlin] PHP Warning:  Trying to access array offset on value of type null in /var/www/html/perfil.php on line 119
[14-May-2024 14:04:00 Europe/Berlin] PHP Warning:  Trying to access array offset on value of type null in /var/www/html/perfil.php on line 123
[14-May-2024 14:04:00 Europe/Berlin] PHP Warning:  Trying to access array offset on value of type null in /var/www/html/perfil.php on line 127
[14-May-2024 14:04:00 Europe/Berlin] PHP Warning:  Trying to access array offset on value of type null in /var/www/html/perfil.php on line 136
[14-May-2024 14:04:00 Europe/Berlin] PHP Warning:  Undefined array key "correoElectronicoUsuario" in /var/www/html/php/funciones.php on line 399
[14-May-2024 14:26:27 Europe/Berlin] PHP Warning:  Undefined array key "correoElectronicoUsuario" in /var/www/html/php/funciones.php on line 358
[14-May-2024 14:26:27 Europe/Berlin] PHP Warning:  Trying to access array offset on value of type null in /var/www/html/php/funciones.php on line 365
[14-May-2024 14:26:27 Europe/Berlin] PHP Warning:  Undefined array key "correoElectronicoUsuario" in /var/www/html/php/funciones.php on line 376
[14-May-2024 14:26:27 Europe/Berlin] PHP Warning:  Trying to access array offset on value of type null in /var/www/html/perfil.php on line 105
[14-May-2024 14:26:27 Europe/Berlin] PHP Warning:  Trying to access array offset on value of type null in /var/www/html/perfil.php on line 108
[14-May-2024 14:26:27 Europe/Berlin] PHP Warning:  Trying to access array offset on value of type null in /var/www/html/perfil.php on line 115
[14-May-2024 14:26:27 Europe/Berlin] PHP Warning:  Trying to access array offset on value of type null in /var/www/html/perfil.php on line 119
[14-May-2024 14:26:27 Europe/Berlin] PHP Warning:  Trying to access array offset on value of type null in /var/www/html/perfil.php on line 123
[14-May-2024 14:26:27 Europe/Berlin] PHP Warning:  Trying to access array offset on value of type null in /var/www/html/perfil.php on line 127
[14-May-2024 14:26:27 Europe/Berlin] PHP Warning:  Trying to access array offset on value of type null in /var/www/html/perfil.php on line 136
[14-May-2024 14:26:27 Europe/Berlin] PHP Warning:  Undefined variable $idEvento in /var/www/html/perfil.php on line 234
[14-May-2024 14:26:27 Europe/Berlin] PHP Warning:  Undefined array key "correoElectronicoUsuario" in /var/www/html/php/funciones.php on line 399
[14-May-2024 14:26:31 Europe/Berlin] PHP Warning:  Undefined variable $idEvento in /var/www/html/perfil.php on line 234
[14-May-2024 14:36:19 Europe/Berlin] PHP Fatal error:  Uncaught PDOException: SQLSTATE[42000]: Syntax error or access violation: 1064 You have an error in your SQL syntax; check the manual that corresponds to your MySQL server version for the right syntax to use near '?' at line 1 in /var/www/html/php/funciones.php:406
Stack trace:
#0 /var/www/html/php/funciones.php(406): PDOStatement->execute()
#1 /var/www/html/perfil.php(47): obtenerIDEventoPorUsuario()
#2 {main}
  thrown in /var/www/html/php/funciones.php on line 406
[14-May-2024 14:38:31 Europe/Berlin] PHP Warning:  Undefined variable $idEvento in /var/www/html/perfil.php on line 238
